<?xml version="1.0" encoding="UTF-8" ?>
<testsuite tests="3" failures="0" name="com.eleven.booklibrary.service.test.TestBookServcie" time="5.781" errors="1" skipped="0">
  <properties>
    <property name="java.runtime.name" value="Java(TM) SE Runtime Environment"/>
    <property name="sun.boot.library.path" value="D:\jdk1.8\jre\bin"/>
    <property name="java.vm.version" value="25.121-b13"/>
    <property name="java.vm.vendor" value="Oracle Corporation"/>
    <property name="maven.multiModuleProjectDirectory" value="E:\bms"/>
    <property name="java.vendor.url" value="http://java.oracle.com/"/>
    <property name="path.separator" value=";"/>
    <property name="guice.disable.misplaced.annotation.check" value="true"/>
    <property name="java.vm.name" value="Java HotSpot(TM) 64-Bit Server VM"/>
    <property name="file.encoding.pkg" value="sun.io"/>
    <property name="user.script" value=""/>
    <property name="user.country" value="CN"/>
    <property name="sun.java.launcher" value="SUN_STANDARD"/>
    <property name="sun.os.patch.level" value="Service Pack 1"/>
    <property name="java.vm.specification.name" value="Java Virtual Machine Specification"/>
    <property name="user.dir" value="E:\bms"/>
    <property name="java.runtime.version" value="1.8.0_121-b13"/>
    <property name="java.awt.graphicsenv" value="sun.awt.Win32GraphicsEnvironment"/>
    <property name="java.endorsed.dirs" value="D:\jdk1.8\jre\lib\endorsed"/>
    <property name="os.arch" value="amd64"/>
    <property name="java.io.tmpdir" value="C:\Users\pkpm\AppData\Local\Temp\"/>
    <property name="line.separator" value="
"/>
    <property name="java.vm.specification.vendor" value="Oracle Corporation"/>
    <property name="user.variant" value=""/>
    <property name="os.name" value="Windows 7"/>
    <property name="classworlds.conf" value="D:\pkpm\workspace\.metadata\.plugins\org.eclipse.m2e.launching\launches\m2conf1381490407987156120.tmp"/>
    <property name="sun.jnu.encoding" value="GBK"/>
    <property name="java.library.path" value="D:\jdk1.8\bin;C:\Windows\Sun\Java\bin;C:\Windows\system32;C:\Windows;D:/jdk1.8/bin/../jre/bin/server;D:/jdk1.8/bin/../jre/bin;D:/jdk1.8/bin/../jre/lib/amd64;D:\Program Files (x86)\mysql-5.7.21-winx64\bin;E:\Qt\5.6.3\msvc2015_64\bin\bin;C:\Program Files (x86)\WiX Toolset v3.11\bin;D:\apache-maven-3.5.2\bin;D:\jdk1.8\bin;D:\jdk1.8\jre\bin;C:\Windows\system32;C:\Windows;C:\Windows\System32\Wbem;C:\Windows\System32\WindowsPowerShell\v1.0\;D:\Program Files (x86)\TortoiseGit\bin;C:\Program Files\dotnet\;C:\Program Files\Microsoft Windows Performance Toolkit\;D:\Program Files (x86)\Docker Toolbox;C:\Users\pkpm\AppData\Local\GitHubDesktop\bin;D:\Program Files (x86)\Microsoft VS Code\Microsoft VS Code\bin;C:\Program Files\Bandizip\;D:\sts-bundle\sts-3.9.1.RELEASE;;."/>
    <property name="java.specification.name" value="Java Platform API Specification"/>
    <property name="java.class.version" value="52.0"/>
    <property name="sun.management.compiler" value="HotSpot 64-Bit Tiered Compilers"/>
    <property name="os.version" value="6.1"/>
    <property name="user.home" value="C:\Users\pkpm"/>
    <property name="user.timezone" value="Asia/Shanghai"/>
    <property name="java.awt.printerjob" value="sun.awt.windows.WPrinterJob"/>
    <property name="java.specification.version" value="1.8"/>
    <property name="file.encoding" value="UTF-8"/>
    <property name="user.name" value="pkpm"/>
    <property name="java.class.path" value="D:\apache-maven-3.5.2\boot\plexus-classworlds-2.5.2.jar"/>
    <property name="java.vm.specification.version" value="1.8"/>
    <property name="sun.arch.data.model" value="64"/>
    <property name="java.home" value="D:\jdk1.8\jre"/>
    <property name="sun.java.command" value="org.codehaus.plexus.classworlds.launcher.Launcher -B -gs D:\apache-maven-3.5.2\conf\settings.xml -s D:\apache-maven-3.5.2\conf\settings.xml install"/>
    <property name="java.specification.vendor" value="Oracle Corporation"/>
    <property name="user.language" value="zh"/>
    <property name="awt.toolkit" value="sun.awt.windows.WToolkit"/>
    <property name="java.vm.info" value="mixed mode"/>
    <property name="java.version" value="1.8.0_121"/>
    <property name="java.ext.dirs" value="D:\jdk1.8\jre\lib\ext;C:\Windows\Sun\Java\lib\ext"/>
    <property name="sun.boot.class.path" value="D:\jdk1.8\jre\lib\resources.jar;D:\jdk1.8\jre\lib\rt.jar;D:\jdk1.8\jre\lib\sunrsasign.jar;D:\jdk1.8\jre\lib\jsse.jar;D:\jdk1.8\jre\lib\jce.jar;D:\jdk1.8\jre\lib\charsets.jar;D:\jdk1.8\jre\lib\jfr.jar;D:\jdk1.8\jre\classes"/>
    <property name="java.vendor" value="Oracle Corporation"/>
    <property name="maven.home" value="D:\apache-maven-3.5.2"/>
    <property name="file.separator" value="\"/>
    <property name="java.vendor.url.bug" value="http://bugreport.sun.com/bugreport/"/>
    <property name="sun.cpu.endian" value="little"/>
    <property name="sun.io.unicode.encoding" value="UnicodeLittle"/>
    <property name="sun.desktop" value="windows"/>
    <property name="sun.cpu.isalist" value="amd64"/>
  </properties>
  <testcase classname="com.eleven.booklibrary.service.test.TestBookServcie" name="testUpdateBook" time="4.799">
    <error type="java.lang.NullPointerException">java.lang.NullPointerException
	at com.eleven.booklibrary.service.impl.BookServiceImpl.updateBook(BookServiceImpl.java:98)
	at com.eleven.booklibrary.service.test.TestBookServcie.testUpdateBook(TestBookServcie.java:66)
	at sun.reflect.NativeMethodAccessorImpl.invoke0(Native Method)
	at sun.reflect.NativeMethodAccessorImpl.invoke(NativeMethodAccessorImpl.java:62)
	at sun.reflect.DelegatingMethodAccessorImpl.invoke(DelegatingMethodAccessorImpl.java:43)
	at java.lang.reflect.Method.invoke(Method.java:498)
	at org.junit.runners.model.FrameworkMethod$1.runReflectiveCall(FrameworkMethod.java:47)
	at org.junit.internal.runners.model.ReflectiveCallable.run(ReflectiveCallable.java:12)
	at org.junit.runners.model.FrameworkMethod.invokeExplosively(FrameworkMethod.java:44)
	at org.junit.internal.runners.statements.InvokeMethod.evaluate(InvokeMethod.java:17)
	at org.springframework.test.context.junit4.statements.RunBeforeTestMethodCallbacks.evaluate(RunBeforeTestMethodCallbacks.java:74)
	at org.springframework.test.context.junit4.statements.RunAfterTestMethodCallbacks.evaluate(RunAfterTestMethodCallbacks.java:83)
	at org.springframework.test.context.junit4.statements.SpringRepeat.evaluate(SpringRepeat.java:72)
	at org.springframework.test.context.junit4.SpringJUnit4ClassRunner.runChild(SpringJUnit4ClassRunner.java:231)
	at org.springframework.test.context.junit4.SpringJUnit4ClassRunner.runChild(SpringJUnit4ClassRunner.java:88)
	at org.junit.runners.ParentRunner$3.run(ParentRunner.java:238)
	at org.junit.runners.ParentRunner$1.schedule(ParentRunner.java:63)
	at org.junit.runners.ParentRunner.runChildren(ParentRunner.java:236)
	at org.junit.runners.ParentRunner.access$000(ParentRunner.java:53)
	at org.junit.runners.ParentRunner$2.evaluate(ParentRunner.java:229)
	at org.springframework.test.context.junit4.statements.RunBeforeTestClassCallbacks.evaluate(RunBeforeTestClassCallbacks.java:61)
	at org.springframework.test.context.junit4.statements.RunAfterTestClassCallbacks.evaluate(RunAfterTestClassCallbacks.java:71)
	at org.junit.runners.ParentRunner.run(ParentRunner.java:309)
	at org.springframework.test.context.junit4.SpringJUnit4ClassRunner.run(SpringJUnit4ClassRunner.java:174)
	at org.apache.maven.surefire.junit4.JUnit4Provider.execute(JUnit4Provider.java:252)
	at org.apache.maven.surefire.junit4.JUnit4Provider.executeTestSet(JUnit4Provider.java:141)
	at org.apache.maven.surefire.junit4.JUnit4Provider.invoke(JUnit4Provider.java:112)
	at sun.reflect.NativeMethodAccessorImpl.invoke0(Native Method)
	at sun.reflect.NativeMethodAccessorImpl.invoke(NativeMethodAccessorImpl.java:62)
	at sun.reflect.DelegatingMethodAccessorImpl.invoke(DelegatingMethodAccessorImpl.java:43)
	at java.lang.reflect.Method.invoke(Method.java:498)
	at org.apache.maven.surefire.util.ReflectionUtils.invokeMethodWithArray(ReflectionUtils.java:189)
	at org.apache.maven.surefire.booter.ProviderFactory$ProviderProxy.invoke(ProviderFactory.java:165)
	at org.apache.maven.surefire.booter.ProviderFactory.invokeProvider(ProviderFactory.java:85)
	at org.apache.maven.surefire.booter.ForkedBooter.runSuitesInProcess(ForkedBooter.java:115)
	at org.apache.maven.surefire.booter.ForkedBooter.main(ForkedBooter.java:75)
</error>
    <system-out>DEBUG LogFactory - Logging initialized using &apos;class org.apache.ibatis.logging.slf4j.Slf4jImpl&apos; adapter.
DEBUG SqlSessionFactoryBean - Property &apos;configLocation&apos; not specified, using default MyBatis Configuration
DEBUG SqlSessionFactoryBean - Parsed mapper file: &apos;file [E:\bms\target\classes\com\eleven\booklibrary\dao\BookMapper-custom.xml]&apos;
DEBUG SqlSessionFactoryBean - Parsed mapper file: &apos;file [E:\bms\target\classes\com\eleven\booklibrary\dao\BookMapper.xml]&apos;
DEBUG SqlSessionFactoryBean - Parsed mapper file: &apos;file [E:\bms\target\classes\com\eleven\booklibrary\dao\BooktypeMapper-custom.xml]&apos;
DEBUG SqlSessionFactoryBean - Parsed mapper file: &apos;file [E:\bms\target\classes\com\eleven\booklibrary\dao\BooktypeMapper.xml]&apos;
DEBUG SqlSessionFactoryBean - Parsed mapper file: &apos;file [E:\bms\target\classes\com\eleven\booklibrary\dao\BorrowerMapper-custom.xml]&apos;
DEBUG SqlSessionFactoryBean - Parsed mapper file: &apos;file [E:\bms\target\classes\com\eleven\booklibrary\dao\BorrowerMapper.xml]&apos;
DEBUG SqlSessionFactoryBean - Parsed mapper file: &apos;file [E:\bms\target\classes\com\eleven\booklibrary\dao\BorrowertypeMapper-custom.xml]&apos;
DEBUG SqlSessionFactoryBean - Parsed mapper file: &apos;file [E:\bms\target\classes\com\eleven\booklibrary\dao\BorrowertypeMapper.xml]&apos;
DEBUG SqlSessionFactoryBean - Parsed mapper file: &apos;file [E:\bms\target\classes\com\eleven\booklibrary\dao\BorrowMapper-custom.xml]&apos;
DEBUG SqlSessionFactoryBean - Parsed mapper file: &apos;file [E:\bms\target\classes\com\eleven\booklibrary\dao\BorrowMapper.xml]&apos;
DEBUG SqlSessionFactoryBean - Parsed mapper file: &apos;file [E:\bms\target\classes\com\eleven\booklibrary\dao\UserMapper-custom.xml]&apos;
DEBUG SqlSessionFactoryBean - Parsed mapper file: &apos;file [E:\bms\target\classes\com\eleven\booklibrary\dao\UserMapper.xml]&apos;
</system-out>
    <system-err>SLF4J: Class path contains multiple SLF4J bindings.
SLF4J: Found binding in [jar:file:/E:/bms/newRepository/ch/qos/logback/logback-classic/1.0.12/logback-classic-1.0.12.jar!/org/slf4j/impl/StaticLoggerBinder.class]
SLF4J: Found binding in [jar:file:/E:/bms/newRepository/org/slf4j/slf4j-log4j12/1.6.6/slf4j-log4j12-1.6.6.jar!/org/slf4j/impl/StaticLoggerBinder.class]
SLF4J: See http://www.slf4j.org/codes.html#multiple_bindings for an explanation.
SLF4J: Actual binding is of type [ch.qos.logback.classic.util.ContextSelectorStaticBinder]
</system-err>
  </testcase>
  <testcase classname="com.eleven.booklibrary.service.test.TestBookServcie" name="testInsertBook" time="0.823"/>
  <testcase classname="com.eleven.booklibrary.service.test.TestBookServcie" name="testDeleteBook" time="0.159"/>
</testsuite>